Epoch	Training Loss.	Learning Rate:  	T. Perplexity. 	V. Loss	V. Perplexity	
 1.0000e+00	 1.0861e+01	 1.0000e-04	 5.2503e+04	 1.0804e+01	 4.9323e+04	
 2.0000e+00	 1.0715e+01	 1.0000e-04	 4.5397e+04	 1.0578e+01	 3.9354e+04	
 3.0000e+00	 1.0074e+01	 1.0000e-04	 2.6480e+04	 9.0206e+00	 8.3322e+03	
 4.0000e+00	 7.3390e+00	 1.0000e-04	 2.4854e+03	 6.5160e+00	 7.0174e+02	
 5.0000e+00	 5.5582e+00	 1.0000e-04	 2.6983e+02	 6.2552e+00	 5.5392e+02	
 6.0000e+00	 5.2750e+00	 1.0000e-04	 1.9979e+02	 6.2395e+00	 5.5168e+02	
 7.0000e+00	 5.1912e+00	 1.0000e-04	 1.8263e+02	 6.2401e+00	 5.5599e+02	
 8.0000e+00	 5.1446e+00	 1.0000e-04	 1.7355e+02	 6.2415e+00	 5.6002e+02	
 9.0000e+00	 5.0973e+00	 1.0000e-04	 1.6573e+02	 6.2307e+00	 5.5584e+02	
 1.0000e+01	 5.0445e+00	 1.0000e-04	 1.5734e+02	 6.2231e+00	 5.5364e+02	
 1.1000e+01	 4.9937e+00	 1.0000e-04	 1.4915e+02	 6.2115e+00	 5.4941e+02	
 1.2000e+01	 4.9706e+00	 1.0000e-04	 1.4651e+02	 6.1911e+00	 5.3946e+02	
 1.3000e+01	 4.9066e+00	 1.0000e-04	 1.3718e+02	 6.1741e+00	 5.3172e+02	
 1.4000e+01	 4.8712e+00	 1.0000e-04	 1.3222e+02	 6.1547e+00	 5.2230e+02	
 1.5000e+01	 4.8561e+00	 1.0000e-04	 1.3024e+02	 6.1240e+00	 5.0736e+02	
 1.6000e+01	 4.8033e+00	 1.0000e-04	 1.2398e+02	 6.1087e+00	 5.0064e+02	
 1.7000e+01	 4.7634e+00	 1.0000e-04	 1.1913e+02	 6.0899e+00	 4.9249e+02	
 1.8000e+01	 4.7363e+00	 1.0000e-04	 1.1609e+02	 6.0637e+00	 4.8061e+02	
 1.9000e+01	 4.6957e+00	 1.0000e-04	 1.1122e+02	 6.0532e+00	 4.7680e+02	
 2.0000e+01	 4.6477e+00	 1.0000e-04	 1.0617e+02	 6.0331e+00	 4.6834e+02	
 2.1000e+01	 4.6056e+00	 1.0000e-04	 1.0213e+02	 6.0209e+00	 4.6414e+02	
 2.2000e+01	 4.5855e+00	 1.0000e-04	 9.9997e+01	 5.9960e+00	 4.5285e+02	
 2.3000e+01	 4.5453e+00	 1.0000e-04	 9.6061e+01	 5.9799e+00	 4.4639e+02	
 2.4000e+01	 4.5095e+00	 1.0000e-04	 9.2537e+01	 5.9671e+00	 4.4178e+02	
 2.5000e+01	 4.4801e+00	 1.0000e-04	 9.0031e+01	 5.9529e+00	 4.3691e+02	
 2.6000e+01	 4.4410e+00	 1.0000e-04	 8.7096e+01	 5.9332e+00	 4.2891e+02	
 2.7000e+01	 4.4110e+00	 1.0000e-04	 8.4396e+01	 5.9141e+00	 4.2152e+02	
 2.8000e+01	 4.3849e+00	 1.0000e-04	 8.2070e+01	 5.9011e+00	 4.1692e+02	
 2.9000e+01	 4.3535e+00	 1.0000e-04	 7.9551e+01	 5.8955e+00	 4.1620e+02	
 3.0000e+01	 4.3172e+00	 1.0000e-04	 7.6950e+01	 5.8774e+00	 4.0899e+02	
 3.1000e+01	 4.2856e+00	 1.0000e-04	 7.4526e+01	 5.8729e+00	 4.0861e+02	
 3.2000e+01	 4.2603e+00	 1.0000e-04	 7.2836e+01	 5.8529e+00	 4.0050e+02	
 3.3000e+01	 4.2229e+00	 1.0000e-04	 7.0021e+01	 5.8437e+00	 3.9819e+02	
 3.4000e+01	 4.1956e+00	 1.0000e-04	 6.8231e+01	 5.8359e+00	 3.9617e+02	
 3.5000e+01	 4.1744e+00	 1.0000e-04	 6.6953e+01	 5.8231e+00	 3.9132e+02	
 3.6000e+01	 4.1415e+00	 1.0000e-04	 6.4557e+01	 5.8173e+00	 3.9038e+02	
 3.7000e+01	 4.1076e+00	 1.0000e-04	 6.2412e+01	 5.8074e+00	 3.8721e+02	
 3.8000e+01	 4.0893e+00	 1.0000e-04	 6.1344e+01	 5.8003e+00	 3.8544e+02	
 3.9000e+01	 4.0555e+00	 1.0000e-04	 5.9352e+01	 5.7894e+00	 3.8198e+02	
 4.0000e+01	 4.0212e+00	 1.0000e-04	 5.7535e+01	 5.7775e+00	 3.7795e+02	
 4.1000e+01	 4.0053e+00	 1.0000e-04	 5.6415e+01	 5.7688e+00	 3.7521e+02	
 4.2000e+01	 3.9610e+00	 1.0000e-04	 5.4153e+01	 5.7671e+00	 3.7600e+02	
 4.3000e+01	 3.9441e+00	 1.0000e-04	 5.3284e+01	 5.7619e+00	 3.7517e+02	
 4.4000e+01	 3.9235e+00	 1.0000e-04	 5.2147e+01	 5.7608e+00	 3.7554e+02	
 4.5000e+01	 3.9019e+00	 1.0000e-04	 5.1237e+01	 5.7398e+00	 3.6753e+02	
 4.6000e+01	 3.8783e+00	 1.0000e-04	 5.0036e+01	 5.7398e+00	 3.6900e+02	
 4.7000e+01	 3.8535e+00	 1.0000e-04	 4.8566e+01	 5.7254e+00	 3.6345e+02	
 4.8000e+01	 3.8282e+00	 1.0000e-04	 4.7449e+01	 5.7314e+00	 3.6730e+02	
 4.9000e+01	 3.7862e+00	 1.0000e-04	 4.5587e+01	 5.7252e+00	 3.6613e+02	
 5.0000e+01	 3.7702e+00	 1.0000e-04	 4.4880e+01	 5.7041e+00	 3.5807e+02	
 5.1000e+01	 3.7344e+00	 1.0000e-04	 4.3250e+01	 5.7074e+00	 3.6061e+02	
 5.2000e+01	 3.7104e+00	 1.0000e-04	 4.2106e+01	 5.7054e+00	 3.6034e+02	
 5.3000e+01	 3.6905e+00	 1.0000e-04	 4.1313e+01	 5.7106e+00	 3.6372e+02	
 5.4000e+01	 3.6725e+00	 1.0000e-04	 4.0921e+01	 5.6996e+00	 3.6035e+02	
 5.5000e+01	 3.6428e+00	 1.0000e-04	 3.9609e+01	 5.6926e+00	 3.5792e+02	
 5.6000e+01	 3.6084e+00	 1.0000e-04	 3.8205e+01	 5.7020e+00	 3.6290e+02	
 5.7000e+01	 3.6046e+00	 1.0000e-04	 3.8041e+01	 5.6866e+00	 3.5720e+02	
 5.8000e+01	 3.5727e+00	 1.0000e-04	 3.6829e+01	 5.6832e+00	 3.5675e+02	
 5.9000e+01	 3.5584e+00	 1.0000e-04	 3.6413e+01	 5.6904e+00	 3.6062e+02	
 6.0000e+01	 3.5322e+00	 1.0000e-04	 3.5307e+01	 5.6826e+00	 3.5846e+02	
 6.1000e+01	 3.4832e+00	 1.0000e-04	 3.3791e+01	 5.6814e+00	 3.5829e+02	
 6.2000e+01	 3.4825e+00	 1.0000e-04	 3.3778e+01	 5.6747e+00	 3.5677e+02	
 6.3000e+01	 3.4557e+00	 1.0000e-04	 3.2843e+01	 5.6677e+00	 3.5470e+02	
 6.4000e+01	 3.4380e+00	 1.0000e-04	 3.2201e+01	 5.6683e+00	 3.5531e+02	
 6.5000e+01	 3.4114e+00	 1.0000e-04	 3.1333e+01	 5.6674e+00	 3.5581e+02	
 6.6000e+01	 3.3802e+00	 1.0000e-04	 3.0305e+01	 5.6653e+00	 3.5551e+02	
 6.7000e+01	 3.3654e+00	 1.0000e-04	 2.9893e+01	 5.6647e+00	 3.5584e+02	
 6.8000e+01	 3.3591e+00	 1.0000e-04	 2.9818e+01	 5.6576e+00	 3.5363e+02	
 6.9000e+01	 3.3194e+00	 1.0000e-04	 2.8714e+01	 5.6639e+00	 3.5766e+02	
 7.0000e+01	 3.3080e+00	 1.0000e-04	 2.8206e+01	 5.6519e+00	 3.5292e+02	
 7.1000e+01	 3.2813e+00	 1.0000e-04	 2.7448e+01	 5.6636e+00	 3.5855e+02	
 7.2000e+01	 3.2685e+00	 1.0000e-04	 2.7103e+01	 5.6647e+00	 3.6001e+02	
 7.3000e+01	 3.2394e+00	 1.0000e-04	 2.6385e+01	 5.6617e+00	 3.5894e+02	
 7.4000e+01	 3.2166e+00	 1.0000e-04	 2.5726e+01	 5.6588e+00	 3.5821e+02	
 7.5000e+01	 3.1820e+00	 1.0000e-04	 2.4834e+01	 5.6556e+00	 3.5830e+02	
 7.6000e+01	 3.1891e+00	 1.0000e-04	 2.5040e+01	 5.6654e+00	 3.6296e+02	
 7.7000e+01	 3.1534e+00	 1.0000e-04	 2.4173e+01	 5.6622e+00	 3.6168e+02	
 7.8000e+01	 3.1343e+00	 1.0000e-04	 2.3685e+01	 5.6407e+00	 3.5254e+02	
 7.9000e+01	 3.1194e+00	 1.0000e-04	 2.3382e+01	 5.6680e+00	 3.6586e+02	
 8.0000e+01	 3.0787e+00	 1.0000e-04	 2.2349e+01	 5.6469e+00	 3.5637e+02	
 8.1000e+01	 3.0603e+00	 1.0000e-04	 2.1945e+01	 5.6653e+00	 3.6574e+02	
 8.2000e+01	 3.0468e+00	 1.0000e-04	 2.1720e+01	 5.6637e+00	 3.6588e+02	
 8.3000e+01	 3.0177e+00	 1.0000e-04	 2.1001e+01	 5.6577e+00	 3.6349e+02	
 8.4000e+01	 2.9973e+00	 1.0000e-04	 2.0668e+01	 5.6585e+00	 3.6480e+02	
 8.5000e+01	 2.9869e+00	 1.0000e-04	 2.0401e+01	 5.6567e+00	 3.6388e+02	
 8.6000e+01	 2.9620e+00	 1.0000e-04	 1.9867e+01	 5.6647e+00	 3.6835e+02	
 8.7000e+01	 2.9633e+00	 1.0000e-04	 1.9942e+01	 5.6564e+00	 3.6423e+02	
 8.8000e+01	 2.9254e+00	 1.0000e-04	 1.9082e+01	 5.6573e+00	 3.6540e+02	
 8.9000e+01	 2.9093e+00	 1.0000e-04	 1.8769e+01	 5.6648e+00	 3.6947e+02	
 9.0000e+01	 2.8805e+00	 1.0000e-04	 1.8272e+01	 5.6690e+00	 3.7197e+02	
 9.1000e+01	 2.8539e+00	 1.0000e-04	 1.7789e+01	 5.6638e+00	 3.7007e+02	
 9.2000e+01	 2.8342e+00	 1.0000e-04	 1.7447e+01	 5.6837e+00	 3.8065e+02	
 9.3000e+01	 2.8236e+00	 1.0000e-04	 1.7305e+01	 5.6684e+00	 3.7368e+02	
 9.4000e+01	 2.7916e+00	 1.0000e-04	 1.6694e+01	 5.6778e+00	 3.7779e+02	
 9.5000e+01	 2.7797e+00	 1.0000e-04	 1.6500e+01	 5.6715e+00	 3.7587e+02	
 9.6000e+01	 2.7529e+00	 1.0000e-04	 1.6047e+01	 5.6939e+00	 3.8701e+02	
 9.7000e+01	 2.7386e+00	 1.0000e-04	 1.5856e+01	 5.6838e+00	 3.8287e+02	
 9.8000e+01	 2.7269e+00	 1.0000e-04	 1.5648e+01	 5.6841e+00	 3.8274e+02	
 9.9000e+01	 2.6944e+00	 1.0000e-04	 1.5143e+01	 5.6870e+00	 3.8452e+02	
 1.0000e+02	 2.6810e+00	 1.0000e-04	 1.4966e+01	 5.6777e+00	 3.8080e+02	
 1.0100e+02	 2.6631e+00	 1.0000e-04	 1.4701e+01	 5.6920e+00	 3.8823e+02	
 1.0200e+02	 2.6629e+00	 1.0000e-04	 1.4701e+01	 5.6895e+00	 3.8854e+02	
 1.0300e+02	 2.6226e+00	 1.0000e-04	 1.4040e+01	 5.6799e+00	 3.8314e+02	
 1.0400e+02	 2.6134e+00	 1.0000e-04	 1.3924e+01	 5.7081e+00	 3.9702e+02	
 1.0500e+02	 2.5867e+00	 1.0000e-04	 1.3595e+01	 5.6910e+00	 3.8899e+02	
 1.0600e+02	 2.5774e+00	 1.0000e-04	 1.3442e+01	 5.7166e+00	 4.0226e+02	
 1.0700e+02	 2.5447e+00	 1.0000e-04	 1.3016e+01	 5.6935e+00	 3.8969e+02	
 1.0800e+02	 2.5434e+00	 1.0000e-04	 1.2957e+01	 5.7143e+00	 4.0156e+02	
 1.0900e+02	 2.5146e+00	 1.0000e-04	 1.2591e+01	 5.7135e+00	 4.0215e+02	
 1.1000e+02	 2.4989e+00	 1.0000e-04	 1.2404e+01	 5.7226e+00	 4.0653e+02	
 1.1100e+02	 2.4789e+00	 1.0000e-04	 1.2157e+01	 5.7142e+00	 4.0253e+02	
 1.1200e+02	 2.4546e+00	 1.0000e-04	 1.1881e+01	 5.7081e+00	 3.9952e+02	
 1.1300e+02	 2.4220e+00	 1.0000e-04	 1.1476e+01	 5.7286e+00	 4.1137e+02	
 1.1400e+02	 2.4232e+00	 1.0000e-04	 1.1504e+01	 5.7072e+00	 3.9914e+02	
 1.1500e+02	 2.3809e+00	 1.0000e-04	 1.1009e+01	 5.7328e+00	 4.1395e+02	
 1.1600e+02	 2.3958e+00	 1.0000e-04	 1.1176e+01	 5.7372e+00	 4.1565e+02	
 1.1700e+02	 2.3659e+00	 1.0000e-04	 1.0828e+01	 5.7263e+00	 4.0950e+02	
 1.1800e+02	 2.3434e+00	 1.0000e-04	 1.0582e+01	 5.7364e+00	 4.1705e+02	
 1.1900e+02	 2.3392e+00	 1.0000e-04	 1.0559e+01	 5.7441e+00	 4.2005e+02	
 1.2000e+02	 2.3065e+00	 1.0000e-04	 1.0217e+01	 5.7596e+00	 4.2878e+02	
 1.2100e+02	 2.2932e+00	 1.0000e-04	 1.0106e+01	 5.7444e+00	 4.2101e+02	
 1.2200e+02	 2.2792e+00	 1.0000e-04	 9.9063e+00	 5.7519e+00	 4.2536e+02	
 1.2300e+02	 2.2776e+00	 1.0000e-04	 9.9022e+00	 5.7567e+00	 4.2899e+02	
 1.2400e+02	 2.2437e+00	 1.0000e-04	 9.5667e+00	 5.7640e+00	 4.3195e+02	
 1.2500e+02	 2.2408e+00	 1.0000e-04	 9.5200e+00	 5.7666e+00	 4.3247e+02	
 1.2600e+02	 2.2112e+00	 1.0000e-04	 9.2426e+00	 5.7605e+00	 4.2992e+02	
 1.2700e+02	 2.1837e+00	 1.0000e-04	 8.9770e+00	 5.7634e+00	 4.3151e+02	
 1.2800e+02	 2.1731e+00	 1.0000e-04	 8.8990e+00	 5.7600e+00	 4.3153e+02	
 1.2900e+02	 2.1605e+00	 1.0000e-04	 8.7645e+00	 5.7734e+00	 4.3670e+02	
 1.3000e+02	 2.1365e+00	 1.0000e-04	 8.5734e+00	 5.7573e+00	 4.2870e+02	
 1.3100e+02	 2.1059e+00	 1.0000e-04	 8.2959e+00	 5.7939e+00	 4.4774e+02	
 1.3200e+02	 2.0969e+00	 1.0000e-04	 8.2409e+00	 5.7820e+00	 4.4198e+02	
 1.3300e+02	 2.0832e+00	 1.0000e-04	 8.1338e+00	 5.8056e+00	 4.5891e+02	
 1.3400e+02	 2.0711e+00	 1.0000e-04	 8.0233e+00	 5.7747e+00	 4.4069e+02	
 1.3500e+02	 2.0338e+00	 1.0000e-04	 7.7376e+00	 5.8241e+00	 4.7042e+02	
 1.3600e+02	 2.0365e+00	 1.0000e-04	 7.7573e+00	 5.8240e+00	 4.6808e+02	
 1.3700e+02	 2.0062e+00	 1.0000e-04	 7.5084e+00	 5.8081e+00	 4.5739e+02	
 1.3800e+02	 1.9996e+00	 1.0000e-04	 7.4646e+00	 5.8224e+00	 4.6538e+02	
 1.3900e+02	 1.9725e+00	 1.0000e-04	 7.2640e+00	 5.8193e+00	 4.6452e+02	
 1.4000e+02	 1.9841e+00	 1.0000e-04	 7.3405e+00	 5.8252e+00	 4.6804e+02	
 1.4100e+02	 1.9584e+00	 1.0000e-04	 7.1504e+00	 5.8287e+00	 4.7186e+02	
 1.4200e+02	 1.9372e+00	 1.0000e-04	 7.0169e+00	 5.8128e+00	 4.6246e+02	
 1.4300e+02	 1.9263e+00	 1.0000e-04	 6.9477e+00	 5.8385e+00	 4.7676e+02	
 1.4400e+02	 1.8795e+00	 1.0000e-04	 6.6079e+00	 5.8635e+00	 4.9340e+02	
 1.4500e+02	 1.8652e+00	 1.0000e-04	 6.5149e+00	 5.8477e+00	 4.8395e+02	
 1.4600e+02	 1.8641e+00	 1.0000e-04	 6.5165e+00	 5.8726e+00	 4.9882e+02	
 1.4700e+02	 1.8495e+00	 1.0000e-04	 6.4285e+00	 5.8630e+00	 4.9033e+02	
 1.4800e+02	 1.8328e+00	 1.0000e-04	 6.3192e+00	 5.8562e+00	 4.8441e+02	
 1.4900e+02	 1.8317e+00	 1.0000e-04	 6.3029e+00	 5.8681e+00	 4.9419e+02	
 1.5000e+02	 1.8062e+00	 1.0000e-04	 6.1441e+00	 5.8809e+00	 5.0262e+02	
 1.5100e+02	 1.7794e+00	 1.0000e-04	 5.9785e+00	 5.8752e+00	 4.9793e+02	
 1.5200e+02	 1.7581e+00	 1.0000e-04	 5.8276e+00	 5.8768e+00	 4.9921e+02	
 1.5300e+02	 1.7528e+00	 1.0000e-04	 5.8216e+00	 5.8970e+00	 5.1081e+02	
 1.5400e+02	 1.7305e+00	 1.0000e-04	 5.6861e+00	 5.9196e+00	 5.2857e+02	
 1.5500e+02	 1.7085e+00	 1.0000e-04	 5.5509e+00	 5.8980e+00	 5.1494e+02	
 1.5600e+02	 1.7054e+00	 1.0000e-04	 5.5428e+00	 5.9301e+00	 5.3857e+02	
 1.5700e+02	 1.6788e+00	 1.0000e-04	 5.3949e+00	 5.8800e+00	 5.0061e+02	
 1.5800e+02	 1.6814e+00	 1.0000e-04	 5.4221e+00	 5.9529e+00	 5.4930e+02	
 1.5900e+02	 1.6589e+00	 1.0000e-04	 5.2865e+00	 5.9187e+00	 5.2704e+02	
 1.6000e+02	 1.6467e+00	 1.0000e-04	 5.2245e+00	 5.9202e+00	 5.2995e+02	
 1.6100e+02	 1.6412e+00	 1.0000e-04	 5.1942e+00	 5.9325e+00	 5.3583e+02	
 1.6200e+02	 1.6219e+00	 1.0000e-04	 5.1007e+00	 5.9345e+00	 5.3654e+02	
 1.6300e+02	 1.6018e+00	 1.0000e-04	 4.9961e+00	 5.9422e+00	 5.4038e+02	
 1.6400e+02	 1.5935e+00	 1.0000e-04	 4.9541e+00	 5.9595e+00	 5.5815e+02	
 1.6500e+02	 1.5673e+00	 1.0000e-04	 4.8150e+00	 5.9775e+00	 5.6818e+02	
 1.6600e+02	 1.5648e+00	 1.0000e-04	 4.8044e+00	 5.9574e+00	 5.5512e+02	
 1.6700e+02	 1.5417e+00	 1.0000e-04	 4.7039e+00	 5.9575e+00	 5.4860e+02	
 1.6800e+02	 1.5356e+00	 1.0000e-04	 4.6756e+00	 5.9789e+00	 5.6739e+02	
 1.6900e+02	 1.5116e+00	 1.0000e-04	 4.5521e+00	 5.9665e+00	 5.6241e+02	
 1.7000e+02	 1.5050e+00	 1.0000e-04	 4.5260e+00	 5.9826e+00	 5.6770e+02	
 1.7100e+02	 1.4704e+00	 1.0000e-04	 4.3821e+00	 6.0119e+00	 5.9576e+02	
 1.7200e+02	 1.4486e+00	 1.0000e-04	 4.2828e+00	 6.0035e+00	 5.8244e+02	
 1.7300e+02	 1.4612e+00	 1.0000e-04	 4.3331e+00	 6.0012e+00	 5.8689e+02	
 1.7400e+02	 1.4459e+00	 1.0000e-04	 4.2676e+00	 6.0041e+00	 5.8686e+02	
 1.7500e+02	 1.4338e+00	 1.0000e-04	 4.2144e+00	 6.0337e+00	 6.0832e+02	
 1.7600e+02	 1.4033e+00	 1.0000e-04	 4.0857e+00	 6.0288e+00	 6.0780e+02	
 1.7700e+02	 1.4090e+00	 1.0000e-04	 4.1108e+00	 6.0163e+00	 5.9466e+02	
 1.7800e+02	 1.4151e+00	 1.0000e-04	 4.1364e+00	 6.0485e+00	 6.2020e+02	
 1.7900e+02	 1.3881e+00	 1.0000e-04	 4.0285e+00	 6.0486e+00	 6.1743e+02	
 1.8000e+02	 1.3597e+00	 1.0000e-04	 3.9139e+00	 6.0270e+00	 6.0551e+02	
 1.8100e+02	 1.3369e+00	 1.0000e-04	 3.8232e+00	 6.0444e+00	 6.2167e+02	
 1.8200e+02	 1.3485e+00	 1.0000e-04	 3.8686e+00	 6.0524e+00	 6.2466e+02	
 1.8300e+02	 1.3311e+00	 1.0000e-04	 3.7996e+00	 6.0598e+00	 6.3044e+02	
 1.8400e+02	 1.3352e+00	 1.0000e-04	 3.8167e+00	 6.0565e+00	 6.3056e+02	
 1.8500e+02	 1.2947e+00	 1.0000e-04	 3.6692e+00	 6.0805e+00	 6.4562e+02	
 1.8600e+02	 1.2735e+00	 1.0000e-04	 3.5893e+00	 6.0745e+00	 6.3825e+02	
 1.8700e+02	 1.2687e+00	 1.0000e-04	 3.5731e+00	 6.0725e+00	 6.3640e+02	
 1.8800e+02	 1.2716e+00	 1.0000e-04	 3.5758e+00	 6.1011e+00	 6.6152e+02	
 1.8900e+02	 1.2575e+00	 1.0000e-04	 3.5330e+00	 6.1265e+00	 6.7601e+02	
 1.9000e+02	 1.2397e+00	 1.0000e-04	 3.4683e+00	 6.1323e+00	 6.9242e+02	
 1.9100e+02	 1.2273e+00	 1.0000e-04	 3.4270e+00	 6.1113e+00	 6.7523e+02	
 1.9200e+02	 1.2198e+00	 1.0000e-04	 3.3983e+00	 6.1506e+00	 6.9875e+02	
 1.9300e+02	 1.1951e+00	 1.0000e-04	 3.3170e+00	 6.1670e+00	 7.2139e+02	
 1.9400e+02	 1.2141e+00	 1.0000e-04	 3.3793e+00	 6.1513e+00	 6.9772e+02	
 1.9500e+02	 1.1827e+00	 1.0000e-04	 3.2750e+00	 6.1592e+00	 7.0781e+02	
 1.9600e+02	 1.1644e+00	 1.0000e-04	 3.2157e+00	 6.1382e+00	 6.8886e+02	
 1.9700e+02	 1.1700e+00	 1.0000e-04	 3.2345e+00	 6.1657e+00	 7.0988e+02	
 1.9800e+02	 1.1529e+00	 1.0000e-04	 3.1769e+00	 6.1596e+00	 7.1150e+02	
 1.9900e+02	 1.1389e+00	 1.0000e-04	 3.1350e+00	 6.1903e+00	 7.4141e+02	
 2.0000e+02	 1.1249e+00	 1.0000e-04	 3.0941e+00	 6.1617e+00	 7.0643e+02	
