Epoch	Training Loss.	Learning Rate:  	T. Perplexity. 	V. Loss	V. Perplexity	
 1.0000e+00	 1.0852e+01	 1.0000e-04	 5.2011e+04	 1.0796e+01	 4.8953e+04	
 2.0000e+00	 1.0722e+01	 1.0000e-04	 4.5692e+04	 1.0619e+01	 4.0991e+04	
 3.0000e+00	 1.0303e+01	 1.0000e-04	 3.1363e+04	 9.5197e+00	 1.3675e+04	
 4.0000e+00	 7.9393e+00	 1.0000e-04	 4.6179e+03	 6.7610e+00	 8.8867e+02	
 5.0000e+00	 5.7021e+00	 1.0000e-04	 3.1773e+02	 6.2519e+00	 5.5070e+02	
 6.0000e+00	 5.2887e+00	 1.0000e-04	 2.0151e+02	 6.2232e+00	 5.4309e+02	
 7.0000e+00	 5.1723e+00	 1.0000e-04	 1.7955e+02	 6.2241e+00	 5.4817e+02	
 8.0000e+00	 5.1161e+00	 1.0000e-04	 1.6925e+02	 6.2274e+00	 5.5322e+02	
 9.0000e+00	 5.0681e+00	 1.0000e-04	 1.6116e+02	 6.2233e+00	 5.5349e+02	
 1.0000e+01	 5.0310e+00	 1.0000e-04	 1.5531e+02	 6.2098e+00	 5.4820e+02	
 1.1000e+01	 4.9845e+00	 1.0000e-04	 1.4817e+02	 6.1943e+00	 5.4135e+02	
 1.2000e+01	 4.9497e+00	 1.0000e-04	 1.4332e+02	 6.1728e+00	 5.3080e+02	
 1.3000e+01	 4.8991e+00	 1.0000e-04	 1.3645e+02	 6.1501e+00	 5.2042e+02	
 1.4000e+01	 4.8574e+00	 1.0000e-04	 1.3099e+02	 6.1344e+00	 5.1349e+02	
 1.5000e+01	 4.8106e+00	 1.0000e-04	 1.2504e+02	 6.1119e+00	 5.0309e+02	
 1.6000e+01	 4.7607e+00	 1.0000e-04	 1.1900e+02	 6.0913e+00	 4.9381e+02	
 1.7000e+01	 4.7234e+00	 1.0000e-04	 1.1433e+02	 6.0745e+00	 4.8716e+02	
 1.8000e+01	 4.6971e+00	 1.0000e-04	 1.1157e+02	 6.0473e+00	 4.7421e+02	
 1.9000e+01	 4.6513e+00	 1.0000e-04	 1.0659e+02	 6.0306e+00	 4.6764e+02	
 2.0000e+01	 4.6290e+00	 1.0000e-04	 1.0437e+02	 6.0039e+00	 4.5556e+02	
 2.1000e+01	 4.5927e+00	 1.0000e-04	 1.0055e+02	 5.9895e+00	 4.5053e+02	
 2.2000e+01	 4.5402e+00	 1.0000e-04	 9.5525e+01	 5.9736e+00	 4.4423e+02	
 2.3000e+01	 4.5072e+00	 1.0000e-04	 9.2492e+01	 5.9590e+00	 4.3912e+02	
 2.4000e+01	 4.4902e+00	 1.0000e-04	 9.1185e+01	 5.9406e+00	 4.3157e+02	
 2.5000e+01	 4.4537e+00	 1.0000e-04	 8.7966e+01	 5.9301e+00	 4.2836e+02	
 2.6000e+01	 4.4141e+00	 1.0000e-04	 8.4485e+01	 5.9141e+00	 4.2238e+02	
 2.7000e+01	 4.3705e+00	 1.0000e-04	 8.1108e+01	 5.9005e+00	 4.1778e+02	
 2.8000e+01	 4.3383e+00	 1.0000e-04	 7.8567e+01	 5.8862e+00	 4.1283e+02	
 2.9000e+01	 4.3145e+00	 1.0000e-04	 7.6711e+01	 5.8815e+00	 4.1212e+02	
 3.0000e+01	 4.2700e+00	 1.0000e-04	 7.3588e+01	 5.8735e+00	 4.1019e+02	
 3.1000e+01	 4.2379e+00	 1.0000e-04	 7.1011e+01	 5.8519e+00	 4.0169e+02	
 3.2000e+01	 4.2242e+00	 1.0000e-04	 7.0252e+01	 5.8422e+00	 3.9901e+02	
 3.3000e+01	 4.2006e+00	 1.0000e-04	 6.8380e+01	 5.8287e+00	 3.9439e+02	
 3.4000e+01	 4.1449e+00	 1.0000e-04	 6.4759e+01	 5.8226e+00	 3.9316e+02	
 3.5000e+01	 4.1343e+00	 1.0000e-04	 6.4281e+01	 5.8238e+00	 3.9521e+02	
 3.6000e+01	 4.1019e+00	 1.0000e-04	 6.2324e+01	 5.7865e+00	 3.7984e+02	
 3.7000e+01	 4.0799e+00	 1.0000e-04	 6.0820e+01	 5.7924e+00	 3.8397e+02	
 3.8000e+01	 4.0513e+00	 1.0000e-04	 5.9468e+01	 5.7847e+00	 3.8209e+02	
 3.9000e+01	 4.0088e+00	 1.0000e-04	 5.6858e+01	 5.7869e+00	 3.8480e+02	
 4.0000e+01	 3.9728e+00	 1.0000e-04	 5.4693e+01	 5.7696e+00	 3.7847e+02	
 4.1000e+01	 3.9501e+00	 1.0000e-04	 5.3592e+01	 5.7624e+00	 3.7652e+02	
 4.2000e+01	 3.9329e+00	 1.0000e-04	 5.2759e+01	 5.7537e+00	 3.7376e+02	
 4.3000e+01	 3.9035e+00	 1.0000e-04	 5.1147e+01	 5.7418e+00	 3.7021e+02	
 4.4000e+01	 3.8628e+00	 1.0000e-04	 4.9101e+01	 5.7420e+00	 3.7145e+02	
 4.5000e+01	 3.8372e+00	 1.0000e-04	 4.7848e+01	 5.7356e+00	 3.7039e+02	
 4.6000e+01	 3.8278e+00	 1.0000e-04	 4.7502e+01	 5.7310e+00	 3.6950e+02	
 4.7000e+01	 3.7895e+00	 1.0000e-04	 4.5757e+01	 5.7244e+00	 3.6776e+02	
 4.8000e+01	 3.7608e+00	 1.0000e-04	 4.4451e+01	 5.7124e+00	 3.6364e+02	
 4.9000e+01	 3.7313e+00	 1.0000e-04	 4.2967e+01	 5.7137e+00	 3.6522e+02	
 5.0000e+01	 3.7165e+00	 1.0000e-04	 4.2866e+01	 5.7116e+00	 3.6565e+02	
 5.1000e+01	 3.7043e+00	 1.0000e-04	 4.2095e+01	 5.6945e+00	 3.5937e+02	
 5.2000e+01	 3.6671e+00	 1.0000e-04	 4.0477e+01	 5.6980e+00	 3.6204e+02	
 5.3000e+01	 3.6445e+00	 1.0000e-04	 3.9622e+01	 5.6948e+00	 3.6179e+02	
 5.4000e+01	 3.6053e+00	 1.0000e-04	 3.8008e+01	 5.6999e+00	 3.6545e+02	
 5.5000e+01	 3.5896e+00	 1.0000e-04	 3.7502e+01	 5.6764e+00	 3.5600e+02	
 5.6000e+01	 3.5757e+00	 1.0000e-04	 3.6942e+01	 5.6781e+00	 3.5755e+02	
 5.7000e+01	 3.5473e+00	 1.0000e-04	 3.5882e+01	 5.6749e+00	 3.5721e+02	
 5.8000e+01	 3.5247e+00	 1.0000e-04	 3.5179e+01	 5.6702e+00	 3.5651e+02	
 5.9000e+01	 3.4864e+00	 1.0000e-04	 3.3898e+01	 5.6768e+00	 3.5970e+02	
 6.0000e+01	 3.4788e+00	 1.0000e-04	 3.3580e+01	 5.6699e+00	 3.5755e+02	
 6.1000e+01	 3.4472e+00	 1.0000e-04	 3.2588e+01	 5.6683e+00	 3.5758e+02	
 6.2000e+01	 3.4361e+00	 1.0000e-04	 3.2135e+01	 5.6708e+00	 3.5895e+02	
 6.3000e+01	 3.4041e+00	 1.0000e-04	 3.1159e+01	 5.6634e+00	 3.5747e+02	
 6.4000e+01	 3.3782e+00	 1.0000e-04	 3.0255e+01	 5.6533e+00	 3.5350e+02	
 6.5000e+01	 3.3689e+00	 1.0000e-04	 3.0045e+01	 5.6621e+00	 3.5823e+02	
 6.6000e+01	 3.3415e+00	 1.0000e-04	 2.9201e+01	 5.6518e+00	 3.5462e+02	
 6.7000e+01	 3.3133e+00	 1.0000e-04	 2.8437e+01	 5.6582e+00	 3.5835e+02	
 6.8000e+01	 3.2955e+00	 1.0000e-04	 2.7884e+01	 5.6664e+00	 3.6253e+02	
 6.9000e+01	 3.2682e+00	 1.0000e-04	 2.7111e+01	 5.6470e+00	 3.5489e+02	
 7.0000e+01	 3.2376e+00	 1.0000e-04	 2.6270e+01	 5.6594e+00	 3.6047e+02	
 7.1000e+01	 3.2096e+00	 1.0000e-04	 2.5524e+01	 5.6485e+00	 3.5666e+02	
 7.2000e+01	 3.1972e+00	 1.0000e-04	 2.5233e+01	 5.6527e+00	 3.5848e+02	
 7.3000e+01	 3.1714e+00	 1.0000e-04	 2.4575e+01	 5.6436e+00	 3.5588e+02	
 7.4000e+01	 3.1545e+00	 1.0000e-04	 2.4150e+01	 5.6599e+00	 3.6323e+02	
 7.5000e+01	 3.1218e+00	 1.0000e-04	 2.3451e+01	 5.6509e+00	 3.5962e+02	
 7.6000e+01	 3.0964e+00	 1.0000e-04	 2.2766e+01	 5.6641e+00	 3.6581e+02	
 7.7000e+01	 3.0903e+00	 1.0000e-04	 2.2701e+01	 5.6552e+00	 3.6307e+02	
 7.8000e+01	 3.0724e+00	 1.0000e-04	 2.2235e+01	 5.6528e+00	 3.6294e+02	
 7.9000e+01	 3.0413e+00	 1.0000e-04	 2.1535e+01	 5.6544e+00	 3.6342e+02	
 8.0000e+01	 3.0344e+00	 1.0000e-04	 2.1360e+01	 5.6572e+00	 3.6495e+02	
 8.1000e+01	 3.0043e+00	 1.0000e-04	 2.0924e+01	 5.6638e+00	 3.6998e+02	
 8.2000e+01	 2.9828e+00	 1.0000e-04	 2.0393e+01	 5.6488e+00	 3.6307e+02	
 8.3000e+01	 2.9572e+00	 1.0000e-04	 1.9836e+01	 5.6572e+00	 3.6724e+02	
 8.4000e+01	 2.9566e+00	 1.0000e-04	 1.9817e+01	 5.6635e+00	 3.7000e+02	
 8.5000e+01	 2.9296e+00	 1.0000e-04	 1.9256e+01	 5.6704e+00	 3.7395e+02	
 8.6000e+01	 2.9083e+00	 1.0000e-04	 1.8832e+01	 5.6421e+00	 3.6229e+02	
 8.7000e+01	 2.8732e+00	 1.0000e-04	 1.8235e+01	 5.6637e+00	 3.7200e+02	
 8.8000e+01	 2.8653e+00	 1.0000e-04	 1.8059e+01	 5.6738e+00	 3.7644e+02	
 8.9000e+01	 2.8504e+00	 1.0000e-04	 1.7805e+01	 5.6630e+00	 3.7286e+02	
 9.0000e+01	 2.8037e+00	 1.0000e-04	 1.6938e+01	 5.6736e+00	 3.7811e+02	
 9.1000e+01	 2.8052e+00	 1.0000e-04	 1.7001e+01	 5.6761e+00	 3.7975e+02	
 9.2000e+01	 2.7887e+00	 1.0000e-04	 1.6685e+01	 5.6617e+00	 3.7284e+02	
 9.3000e+01	 2.7447e+00	 1.0000e-04	 1.6000e+01	 5.6648e+00	 3.7560e+02	
 9.4000e+01	 2.7529e+00	 1.0000e-04	 1.6063e+01	 5.6695e+00	 3.7794e+02	
 9.5000e+01	 2.7242e+00	 1.0000e-04	 1.5635e+01	 5.6726e+00	 3.7976e+02	
 9.6000e+01	 2.6940e+00	 1.0000e-04	 1.5206e+01	 5.6978e+00	 3.9060e+02	
 9.7000e+01	 2.6820e+00	 1.0000e-04	 1.5010e+01	 5.6827e+00	 3.8494e+02	
 9.8000e+01	 2.6826e+00	 1.0000e-04	 1.4972e+01	 5.6935e+00	 3.9048e+02	
 9.9000e+01	 2.6409e+00	 1.0000e-04	 1.4371e+01	 5.7003e+00	 3.9367e+02	
 1.0000e+02	 2.6284e+00	 1.0000e-04	 1.4188e+01	 5.6790e+00	 3.8329e+02	
 1.0100e+02	 2.6093e+00	 1.0000e-04	 1.3900e+01	 5.6818e+00	 3.8587e+02	
 1.0200e+02	 2.5908e+00	 1.0000e-04	 1.3631e+01	 5.7074e+00	 3.9852e+02	
 1.0300e+02	 2.5714e+00	 1.0000e-04	 1.3413e+01	 5.6763e+00	 3.8393e+02	
 1.0400e+02	 2.5617e+00	 1.0000e-04	 1.3256e+01	 5.6935e+00	 3.9228e+02	
 1.0500e+02	 2.5406e+00	 1.0000e-04	 1.2954e+01	 5.7248e+00	 4.0875e+02	
 1.0600e+02	 2.5370e+00	 1.0000e-04	 1.2956e+01	 5.7116e+00	 4.0126e+02	
 1.0700e+02	 2.4799e+00	 1.0000e-04	 1.2212e+01	 5.7025e+00	 3.9903e+02	
 1.0800e+02	 2.4687e+00	 1.0000e-04	 1.2058e+01	 5.7036e+00	 3.9764e+02	
 1.0900e+02	 2.4604e+00	 1.0000e-04	 1.1954e+01	 5.7221e+00	 4.0862e+02	
 1.1000e+02	 2.4204e+00	 1.0000e-04	 1.1468e+01	 5.7314e+00	 4.1262e+02	
 1.1100e+02	 2.4176e+00	 1.0000e-04	 1.1453e+01	 5.7365e+00	 4.1608e+02	
 1.1200e+02	 2.4003e+00	 1.0000e-04	 1.1228e+01	 5.7432e+00	 4.2048e+02	
 1.1300e+02	 2.3845e+00	 1.0000e-04	 1.1042e+01	 5.7321e+00	 4.1270e+02	
 1.1400e+02	 2.3574e+00	 1.0000e-04	 1.0734e+01	 5.7407e+00	 4.1839e+02	
 1.1500e+02	 2.3474e+00	 1.0000e-04	 1.0658e+01	 5.7480e+00	 4.2047e+02	
 1.1600e+02	 2.3357e+00	 1.0000e-04	 1.0569e+01	 5.7471e+00	 4.2237e+02	
 1.1700e+02	 2.2924e+00	 1.0000e-04	 1.0111e+01	 5.7357e+00	 4.1583e+02	
 1.1800e+02	 2.2723e+00	 1.0000e-04	 9.8500e+00	 5.7416e+00	 4.1863e+02	
 1.1900e+02	 2.2697e+00	 1.0000e-04	 9.8432e+00	 5.7424e+00	 4.1831e+02	
 1.2000e+02	 2.2596e+00	 1.0000e-04	 9.7956e+00	 5.7612e+00	 4.2923e+02	
 1.2100e+02	 2.2503e+00	 1.0000e-04	 9.6828e+00	 5.7629e+00	 4.3159e+02	
 1.2200e+02	 2.2068e+00	 1.0000e-04	 9.2241e+00	 5.7925e+00	 4.4599e+02	
 1.2300e+02	 2.2007e+00	 1.0000e-04	 9.1748e+00	 5.7767e+00	 4.3890e+02	
 1.2400e+02	 2.1776e+00	 1.0000e-04	 8.9667e+00	 5.7924e+00	 4.4632e+02	
 1.2500e+02	 2.1783e+00	 1.0000e-04	 8.9869e+00	 5.7810e+00	 4.4161e+02	
 1.2600e+02	 2.1325e+00	 1.0000e-04	 8.5586e+00	 5.7807e+00	 4.4101e+02	
 1.2700e+02	 2.1310e+00	 1.0000e-04	 8.5517e+00	 5.7829e+00	 4.4370e+02	
 1.2800e+02	 2.1161e+00	 1.0000e-04	 8.4056e+00	 5.7967e+00	 4.4916e+02	
 1.2900e+02	 2.1056e+00	 1.0000e-04	 8.3523e+00	 5.8024e+00	 4.5128e+02	
 1.3000e+02	 2.0817e+00	 1.0000e-04	 8.1515e+00	 5.8169e+00	 4.6059e+02	
 1.3100e+02	 2.0585e+00	 1.0000e-04	 7.9415e+00	 5.8033e+00	 4.5626e+02	
 1.3200e+02	 2.0363e+00	 1.0000e-04	 7.7664e+00	 5.8320e+00	 4.7082e+02	
 1.3300e+02	 2.0246e+00	 1.0000e-04	 7.6889e+00	 5.8168e+00	 4.5988e+02	
 1.3400e+02	 2.0199e+00	 1.0000e-04	 7.6544e+00	 5.8345e+00	 4.7333e+02	
 1.3500e+02	 2.0009e+00	 1.0000e-04	 7.4896e+00	 5.8084e+00	 4.5970e+02	
 1.3600e+02	 1.9869e+00	 1.0000e-04	 7.3736e+00	 5.8559e+00	 4.8638e+02	
 1.3700e+02	 1.9628e+00	 1.0000e-04	 7.2070e+00	 5.8281e+00	 4.7069e+02	
 1.3800e+02	 1.9389e+00	 1.0000e-04	 7.0403e+00	 5.8206e+00	 4.6493e+02	
 1.3900e+02	 1.9361e+00	 1.0000e-04	 7.0308e+00	 5.8386e+00	 4.7387e+02	
 1.4000e+02	 1.9128e+00	 1.0000e-04	 6.8543e+00	 5.8439e+00	 4.7894e+02	
 1.4100e+02	 1.8955e+00	 1.0000e-04	 6.7479e+00	 5.8618e+00	 4.8917e+02	
 1.4200e+02	 1.8944e+00	 1.0000e-04	 6.7160e+00	 5.8569e+00	 4.8654e+02	
 1.4300e+02	 1.8748e+00	 1.0000e-04	 6.5914e+00	 5.8651e+00	 4.9017e+02	
 1.4400e+02	 1.8586e+00	 1.0000e-04	 6.4910e+00	 5.8612e+00	 4.8956e+02	
 1.4500e+02	 1.8354e+00	 1.0000e-04	 6.3243e+00	 5.8761e+00	 4.9870e+02	
 1.4600e+02	 1.8326e+00	 1.0000e-04	 6.3299e+00	 5.8826e+00	 5.0095e+02	
 1.4700e+02	 1.7791e+00	 1.0000e-04	 5.9875e+00	 5.8726e+00	 4.9662e+02	
 1.4800e+02	 1.7998e+00	 1.0000e-04	 6.1011e+00	 5.8704e+00	 4.9199e+02	
 1.4900e+02	 1.7682e+00	 1.0000e-04	 5.9272e+00	 5.9109e+00	 5.2088e+02	
 1.5000e+02	 1.7652e+00	 1.0000e-04	 5.8976e+00	 5.9067e+00	 5.1753e+02	
 1.5100e+02	 1.7361e+00	 1.0000e-04	 5.7279e+00	 5.9176e+00	 5.2253e+02	
 1.5200e+02	 1.7254e+00	 1.0000e-04	 5.6706e+00	 5.9203e+00	 5.2592e+02	
 1.5300e+02	 1.7153e+00	 1.0000e-04	 5.6076e+00	 5.9021e+00	 5.1369e+02	
 1.5400e+02	 1.6988e+00	 1.0000e-04	 5.5138e+00	 5.9285e+00	 5.2823e+02	
 1.5500e+02	 1.6850e+00	 1.0000e-04	 5.4406e+00	 5.9452e+00	 5.4512e+02	
 1.5600e+02	 1.6878e+00	 1.0000e-04	 5.4700e+00	 5.9253e+00	 5.3067e+02	
 1.5700e+02	 1.6370e+00	 1.0000e-04	 5.1941e+00	 5.9584e+00	 5.5096e+02	
 1.5800e+02	 1.6374e+00	 1.0000e-04	 5.1889e+00	 5.9400e+00	 5.3862e+02	
 1.5900e+02	 1.6077e+00	 1.0000e-04	 5.0361e+00	 5.9624e+00	 5.5820e+02	
 1.6000e+02	 1.5962e+00	 1.0000e-04	 4.9693e+00	 5.9526e+00	 5.4462e+02	
 1.6100e+02	 1.5899e+00	 1.0000e-04	 4.9450e+00	 5.9589e+00	 5.4896e+02	
 1.6200e+02	 1.5708e+00	 1.0000e-04	 4.8387e+00	 5.9882e+00	 5.7406e+02	
 1.6300e+02	 1.5662e+00	 1.0000e-04	 4.8238e+00	 5.9876e+00	 5.6680e+02	
 1.6400e+02	 1.5358e+00	 1.0000e-04	 4.6870e+00	 5.9944e+00	 5.7670e+02	
 1.6500e+02	 1.5370e+00	 1.0000e-04	 4.6822e+00	 5.9917e+00	 5.7714e+02	
 1.6600e+02	 1.4990e+00	 1.0000e-04	 4.5111e+00	 5.9931e+00	 5.7781e+02	
 1.6700e+02	 1.5087e+00	 1.0000e-04	 4.5611e+00	 6.0368e+00	 6.1287e+02	
 1.6800e+02	 1.4946e+00	 1.0000e-04	 4.4878e+00	 6.0219e+00	 5.9828e+02	
 1.6900e+02	 1.4519e+00	 1.0000e-04	 4.2994e+00	 6.0276e+00	 6.0055e+02	
 1.7000e+02	 1.4634e+00	 1.0000e-04	 4.3454e+00	 6.0368e+00	 6.1251e+02	
 1.7100e+02	 1.4664e+00	 1.0000e-04	 4.3603e+00	 6.0105e+00	 5.9112e+02	
 1.7200e+02	 1.4387e+00	 1.0000e-04	 4.2421e+00	 6.0355e+00	 6.0526e+02	
 1.7300e+02	 1.4264e+00	 1.0000e-04	 4.1919e+00	 6.0586e+00	 6.2137e+02	
 1.7400e+02	 1.4072e+00	 1.0000e-04	 4.1056e+00	 6.0378e+00	 6.0368e+02	
 1.7500e+02	 1.3958e+00	 1.0000e-04	 4.0598e+00	 6.0583e+00	 6.2782e+02	
 1.7600e+02	 1.3812e+00	 1.0000e-04	 4.0053e+00	 6.0528e+00	 6.1987e+02	
 1.7700e+02	 1.3747e+00	 1.0000e-04	 3.9734e+00	 6.0778e+00	 6.4000e+02	
 1.7800e+02	 1.3554e+00	 1.0000e-04	 3.8966e+00	 6.0699e+00	 6.3803e+02	
 1.7900e+02	 1.3378e+00	 1.0000e-04	 3.8334e+00	 6.0895e+00	 6.4546e+02	
 1.8000e+02	 1.3222e+00	 1.0000e-04	 3.7698e+00	 6.0959e+00	 6.5539e+02	
 1.8100e+02	 1.3128e+00	 1.0000e-04	 3.7365e+00	 6.0845e+00	 6.4508e+02	
 1.8200e+02	 1.2816e+00	 1.0000e-04	 3.6161e+00	 6.1113e+00	 6.6344e+02	
 1.8300e+02	 1.3002e+00	 1.0000e-04	 3.6837e+00	 6.1226e+00	 6.7864e+02	
 1.8400e+02	 1.2962e+00	 1.0000e-04	 3.6736e+00	 6.1246e+00	 6.7607e+02	
 1.8500e+02	 1.2734e+00	 1.0000e-04	 3.5866e+00	 6.1038e+00	 6.5881e+02	
 1.8600e+02	 1.2733e+00	 1.0000e-04	 3.5933e+00	 6.1052e+00	 6.6458e+02	
 1.8700e+02	 1.2439e+00	 1.0000e-04	 3.4793e+00	 6.1320e+00	 6.8612e+02	
 1.8800e+02	 1.2354e+00	 1.0000e-04	 3.4557e+00	 6.1433e+00	 6.9063e+02	
 1.8900e+02	 1.2250e+00	 1.0000e-04	 3.4197e+00	 6.1234e+00	 6.7141e+02	
 1.9000e+02	 1.2047e+00	 1.0000e-04	 3.3467e+00	 6.1348e+00	 6.8420e+02	
 1.9100e+02	 1.1978e+00	 1.0000e-04	 3.3281e+00	 6.1694e+00	 7.1559e+02	
 1.9200e+02	 1.2023e+00	 1.0000e-04	 3.3449e+00	 6.1861e+00	 7.2794e+02	
 1.9300e+02	 1.1784e+00	 1.0000e-04	 3.2623e+00	 6.1658e+00	 7.0807e+02	
 1.9400e+02	 1.1675e+00	 1.0000e-04	 3.2278e+00	 6.1790e+00	 7.2322e+02	
 1.9500e+02	 1.1416e+00	 1.0000e-04	 3.1436e+00	 6.1925e+00	 7.2883e+02	
 1.9600e+02	 1.1507e+00	 1.0000e-04	 3.1702e+00	 6.2038e+00	 7.4128e+02	
 1.9700e+02	 1.1415e+00	 1.0000e-04	 3.1411e+00	 6.2064e+00	 7.3883e+02	
 1.9800e+02	 1.1518e+00	 1.0000e-04	 3.1763e+00	 6.1809e+00	 7.2341e+02	
 1.9900e+02	 1.1028e+00	 1.0000e-04	 3.0234e+00	 6.2392e+00	 7.7468e+02	
 2.0000e+02	 1.1042e+00	 1.0000e-04	 3.0254e+00	 6.2056e+00	 7.4007e+02	
