Epoch	Training Loss.	Learning Rate:  	T. Perplexity. 	V. Loss	V. Perplexity	
 1.0000e+00	 1.0846e+01	 1.0000e-04	 5.1695e+04	 1.0768e+01	 4.7605e+04	
 2.0000e+00	 1.0709e+01	 1.0000e-04	 4.5116e+04	 1.0589e+01	 3.9792e+04	
 3.0000e+00	 1.0483e+01	 1.0000e-04	 3.6142e+04	 1.0198e+01	 2.6985e+04	
 4.0000e+00	 9.7667e+00	 1.0000e-04	 1.9450e+04	 8.5491e+00	 5.2387e+03	
 5.0000e+00	 7.1014e+00	 1.0000e-04	 1.9717e+03	 6.3804e+00	 6.1899e+02	
 6.0000e+00	 5.5287e+00	 1.0000e-04	 2.6515e+02	 6.2289e+00	 5.4498e+02	
 7.0000e+00	 5.2332e+00	 1.0000e-04	 1.9341e+02	 6.1935e+00	 5.3257e+02	
 8.0000e+00	 5.1087e+00	 1.0000e-04	 1.6921e+02	 6.1723e+00	 5.2533e+02	
 9.0000e+00	 5.0308e+00	 1.0000e-04	 1.5588e+02	 6.1555e+00	 5.1964e+02	
 1.0000e+01	 4.9605e+00	 1.0000e-04	 1.4578e+02	 6.1376e+00	 5.1326e+02	
 1.1000e+01	 4.8984e+00	 1.0000e-04	 1.3640e+02	 6.1169e+00	 5.0472e+02	
 1.2000e+01	 4.8381e+00	 1.0000e-04	 1.2919e+02	 6.0967e+00	 4.9653e+02	
 1.3000e+01	 4.7745e+00	 1.0000e-04	 1.2079e+02	 6.0744e+00	 4.8751e+02	
 1.4000e+01	 4.7347e+00	 1.0000e-04	 1.1599e+02	 6.0450e+00	 4.7549e+02	
 1.5000e+01	 4.6782e+00	 1.0000e-04	 1.0951e+02	 6.0230e+00	 4.6657e+02	
 1.6000e+01	 4.6399e+00	 1.0000e-04	 1.0599e+02	 6.0013e+00	 4.5778e+02	
 1.7000e+01	 4.5840e+00	 1.0000e-04	 9.9824e+01	 5.9794e+00	 4.4947e+02	
 1.8000e+01	 4.5382e+00	 1.0000e-04	 9.5358e+01	 5.9592e+00	 4.4203e+02	
 1.9000e+01	 4.4931e+00	 1.0000e-04	 9.1249e+01	 5.9452e+00	 4.3770e+02	
 2.0000e+01	 4.4424e+00	 1.0000e-04	 8.6847e+01	 5.9264e+00	 4.3086e+02	
 2.1000e+01	 4.3869e+00	 1.0000e-04	 8.1956e+01	 5.9091e+00	 4.2486e+02	
 2.2000e+01	 4.3635e+00	 1.0000e-04	 8.0362e+01	 5.8913e+00	 4.1850e+02	
 2.3000e+01	 4.3169e+00	 1.0000e-04	 7.6882e+01	 5.8788e+00	 4.1501e+02	
 2.4000e+01	 4.2685e+00	 1.0000e-04	 7.2927e+01	 5.8669e+00	 4.1131e+02	
 2.5000e+01	 4.2388e+00	 1.0000e-04	 7.1059e+01	 5.8439e+00	 4.0255e+02	
 2.6000e+01	 4.1930e+00	 1.0000e-04	 6.7743e+01	 5.8370e+00	 4.0141e+02	
 2.7000e+01	 4.1653e+00	 1.0000e-04	 6.6158e+01	 5.8277e+00	 3.9887e+02	
 2.8000e+01	 4.1397e+00	 1.0000e-04	 6.4260e+01	 5.8172e+00	 3.9562e+02	
 2.9000e+01	 4.0875e+00	 1.0000e-04	 6.1401e+01	 5.7986e+00	 3.8923e+02	
 3.0000e+01	 4.0656e+00	 1.0000e-04	 5.9695e+01	 5.7881e+00	 3.8587e+02	
 3.1000e+01	 4.0150e+00	 1.0000e-04	 5.7160e+01	 5.7879e+00	 3.8758e+02	
 3.2000e+01	 3.9978e+00	 1.0000e-04	 5.6114e+01	 5.7718e+00	 3.8160e+02	
 3.3000e+01	 3.9662e+00	 1.0000e-04	 5.4555e+01	 5.7625e+00	 3.7918e+02	
 3.4000e+01	 3.9312e+00	 1.0000e-04	 5.2752e+01	 5.7488e+00	 3.7447e+02	
 3.5000e+01	 3.8974e+00	 1.0000e-04	 5.0735e+01	 5.7499e+00	 3.7657e+02	
 3.6000e+01	 3.8558e+00	 1.0000e-04	 4.8699e+01	 5.7387e+00	 3.7316e+02	
 3.7000e+01	 3.8250e+00	 1.0000e-04	 4.7157e+01	 5.7330e+00	 3.7191e+02	
 3.8000e+01	 3.7958e+00	 1.0000e-04	 4.5819e+01	 5.7297e+00	 3.7142e+02	
 3.9000e+01	 3.7831e+00	 1.0000e-04	 4.5429e+01	 5.7168e+00	 3.6732e+02	
 4.0000e+01	 3.7443e+00	 1.0000e-04	 4.3566e+01	 5.7110e+00	 3.6584e+02	
 4.1000e+01	 3.7046e+00	 1.0000e-04	 4.1860e+01	 5.7113e+00	 3.6715e+02	
 4.2000e+01	 3.6799e+00	 1.0000e-04	 4.0926e+01	 5.7096e+00	 3.6754e+02	
 4.3000e+01	 3.6610e+00	 1.0000e-04	 4.0109e+01	 5.7015e+00	 3.6557e+02	
 4.4000e+01	 3.6337e+00	 1.0000e-04	 3.9096e+01	 5.6979e+00	 3.6471e+02	
 4.5000e+01	 3.5842e+00	 1.0000e-04	 3.7325e+01	 5.6900e+00	 3.6223e+02	
 4.6000e+01	 3.5659e+00	 1.0000e-04	 3.6439e+01	 5.6950e+00	 3.6512e+02	
 4.7000e+01	 3.5371e+00	 1.0000e-04	 3.5432e+01	 5.6834e+00	 3.6145e+02	
 4.8000e+01	 3.5361e+00	 1.0000e-04	 3.5341e+01	 5.6738e+00	 3.5829e+02	
 4.9000e+01	 3.4644e+00	 1.0000e-04	 3.3016e+01	 5.6752e+00	 3.5968e+02	
 5.0000e+01	 3.4499e+00	 1.0000e-04	 3.2513e+01	 5.6766e+00	 3.6091e+02	
 5.1000e+01	 3.4156e+00	 1.0000e-04	 3.1384e+01	 5.6698e+00	 3.5873e+02	
 5.2000e+01	 3.4053e+00	 1.0000e-04	 3.1108e+01	 5.6602e+00	 3.5627e+02	
 5.3000e+01	 3.3905e+00	 1.0000e-04	 3.0719e+01	 5.6620e+00	 3.5763e+02	
 5.4000e+01	 3.3570e+00	 1.0000e-04	 2.9666e+01	 5.6683e+00	 3.6109e+02	
 5.5000e+01	 3.3414e+00	 1.0000e-04	 2.9191e+01	 5.6649e+00	 3.6073e+02	
 5.6000e+01	 3.2890e+00	 1.0000e-04	 2.7657e+01	 5.6650e+00	 3.6084e+02	
 5.7000e+01	 3.2874e+00	 1.0000e-04	 2.7679e+01	 5.6550e+00	 3.5744e+02	
 5.8000e+01	 3.2560e+00	 1.0000e-04	 2.6792e+01	 5.6573e+00	 3.5927e+02	
 5.9000e+01	 3.2310e+00	 1.0000e-04	 2.6075e+01	 5.6525e+00	 3.5795e+02	
 6.0000e+01	 3.2118e+00	 1.0000e-04	 2.5619e+01	 5.6525e+00	 3.5857e+02	
 6.1000e+01	 3.1689e+00	 1.0000e-04	 2.4499e+01	 5.6539e+00	 3.5985e+02	
 6.2000e+01	 3.1532e+00	 1.0000e-04	 2.4210e+01	 5.6480e+00	 3.5800e+02	
 6.3000e+01	 3.1290e+00	 1.0000e-04	 2.3570e+01	 5.6545e+00	 3.6170e+02	
 6.4000e+01	 3.1101e+00	 1.0000e-04	 2.3192e+01	 5.6458e+00	 3.5770e+02	
 6.5000e+01	 3.0794e+00	 1.0000e-04	 2.2531e+01	 5.6455e+00	 3.5890e+02	
 6.6000e+01	 3.0693e+00	 1.0000e-04	 2.2152e+01	 5.6481e+00	 3.6014e+02	
 6.7000e+01	 3.0173e+00	 1.0000e-04	 2.0941e+01	 5.6572e+00	 3.6528e+02	
 6.8000e+01	 3.0050e+00	 1.0000e-04	 2.0832e+01	 5.6522e+00	 3.6286e+02	
 6.9000e+01	 2.9873e+00	 1.0000e-04	 2.0412e+01	 5.6523e+00	 3.6388e+02	
 7.0000e+01	 2.9722e+00	 1.0000e-04	 2.0089e+01	 5.6528e+00	 3.6463e+02	
 7.1000e+01	 2.9453e+00	 1.0000e-04	 1.9568e+01	 5.6654e+00	 3.7051e+02	
 7.2000e+01	 2.9096e+00	 1.0000e-04	 1.8832e+01	 5.6524e+00	 3.6532e+02	
 7.3000e+01	 2.8937e+00	 1.0000e-04	 1.8494e+01	 5.6592e+00	 3.6863e+02	
 7.4000e+01	 2.8644e+00	 1.0000e-04	 1.8001e+01	 5.6661e+00	 3.7185e+02	
 7.5000e+01	 2.8361e+00	 1.0000e-04	 1.7480e+01	 5.6581e+00	 3.6919e+02	
 7.6000e+01	 2.8333e+00	 1.0000e-04	 1.7453e+01	 5.6557e+00	 3.6838e+02	
 7.7000e+01	 2.8029e+00	 1.0000e-04	 1.6952e+01	 5.6603e+00	 3.7160e+02	
 7.8000e+01	 2.7690e+00	 1.0000e-04	 1.6389e+01	 5.6572e+00	 3.7015e+02	
 7.9000e+01	 2.7668e+00	 1.0000e-04	 1.6368e+01	 5.6615e+00	 3.7276e+02	
 8.0000e+01	 2.7463e+00	 1.0000e-04	 1.5935e+01	 5.6661e+00	 3.7454e+02	
 8.1000e+01	 2.7343e+00	 1.0000e-04	 1.5762e+01	 5.6653e+00	 3.7559e+02	
 8.2000e+01	 2.7144e+00	 1.0000e-04	 1.5501e+01	 5.6641e+00	 3.7488e+02	
 8.3000e+01	 2.6657e+00	 1.0000e-04	 1.4761e+01	 5.6829e+00	 3.8334e+02	
 8.4000e+01	 2.6491e+00	 1.0000e-04	 1.4455e+01	 5.6746e+00	 3.7978e+02	
 8.5000e+01	 2.6428e+00	 1.0000e-04	 1.4377e+01	 5.6883e+00	 3.8707e+02	
 8.6000e+01	 2.6308e+00	 1.0000e-04	 1.4225e+01	 5.6847e+00	 3.8531e+02	
 8.7000e+01	 2.5880e+00	 1.0000e-04	 1.3594e+01	 5.6861e+00	 3.8626e+02	
 8.8000e+01	 2.5671e+00	 1.0000e-04	 1.3344e+01	 5.6832e+00	 3.8520e+02	
 8.9000e+01	 2.5505e+00	 1.0000e-04	 1.3139e+01	 5.6907e+00	 3.8840e+02	
 9.0000e+01	 2.5349e+00	 1.0000e-04	 1.2890e+01	 5.7021e+00	 3.9445e+02	
 9.1000e+01	 2.5040e+00	 1.0000e-04	 1.2524e+01	 5.6948e+00	 3.9164e+02	
 9.2000e+01	 2.4806e+00	 1.0000e-04	 1.2188e+01	 5.7093e+00	 3.9835e+02	
 9.3000e+01	 2.4782e+00	 1.0000e-04	 1.2246e+01	 5.6983e+00	 3.9355e+02	
 9.4000e+01	 2.4606e+00	 1.0000e-04	 1.1950e+01	 5.7065e+00	 3.9819e+02	
 9.5000e+01	 2.4300e+00	 1.0000e-04	 1.1624e+01	 5.7088e+00	 3.9948e+02	
 9.6000e+01	 2.4097e+00	 1.0000e-04	 1.1395e+01	 5.7090e+00	 3.9961e+02	
 9.7000e+01	 2.3784e+00	 1.0000e-04	 1.1042e+01	 5.7326e+00	 4.1158e+02	
 9.8000e+01	 2.3643e+00	 1.0000e-04	 1.0839e+01	 5.7110e+00	 4.0105e+02	
 9.9000e+01	 2.3422e+00	 1.0000e-04	 1.0583e+01	 5.7274e+00	 4.1015e+02	
 1.0000e+02	 2.3419e+00	 1.0000e-04	 1.0636e+01	 5.7258e+00	 4.0936e+02	
 1.0100e+02	 2.3155e+00	 1.0000e-04	 1.0387e+01	 5.7430e+00	 4.1909e+02	
 1.0200e+02	 2.2902e+00	 1.0000e-04	 1.0074e+01	 5.7304e+00	 4.1237e+02	
 1.0300e+02	 2.2678e+00	 1.0000e-04	 9.8163e+00	 5.7341e+00	 4.1374e+02	
 1.0400e+02	 2.2372e+00	 1.0000e-04	 9.5157e+00	 5.7397e+00	 4.1637e+02	
 1.0500e+02	 2.2346e+00	 1.0000e-04	 9.4958e+00	 5.7390e+00	 4.1625e+02	
 1.0600e+02	 2.2010e+00	 1.0000e-04	 9.1824e+00	 5.7544e+00	 4.2388e+02	
 1.0700e+02	 2.1875e+00	 1.0000e-04	 9.0790e+00	 5.7528e+00	 4.2457e+02	
 1.0800e+02	 2.1723e+00	 1.0000e-04	 8.8923e+00	 5.7565e+00	 4.2552e+02	
 1.0900e+02	 2.1426e+00	 1.0000e-04	 8.6611e+00	 5.7753e+00	 4.3588e+02	
 1.1000e+02	 2.1307e+00	 1.0000e-04	 8.5581e+00	 5.7752e+00	 4.3572e+02	
 1.1100e+02	 2.1281e+00	 1.0000e-04	 8.5394e+00	 5.7760e+00	 4.3579e+02	
 1.1200e+02	 2.1015e+00	 1.0000e-04	 8.3044e+00	 5.7842e+00	 4.4033e+02	
 1.1300e+02	 2.0840e+00	 1.0000e-04	 8.1496e+00	 5.7950e+00	 4.4703e+02	
 1.1400e+02	 2.0387e+00	 1.0000e-04	 7.7685e+00	 5.7945e+00	 4.4593e+02	
 1.1500e+02	 2.0338e+00	 1.0000e-04	 7.7517e+00	 5.8107e+00	 4.5540e+02	
 1.1600e+02	 2.0270e+00	 1.0000e-04	 7.6992e+00	 5.8023e+00	 4.5015e+02	
 1.1700e+02	 2.0095e+00	 1.0000e-04	 7.5747e+00	 5.8073e+00	 4.5297e+02	
 1.1800e+02	 1.9880e+00	 1.0000e-04	 7.3811e+00	 5.8085e+00	 4.5393e+02	
 1.1900e+02	 1.9853e+00	 1.0000e-04	 7.3987e+00	 5.8157e+00	 4.5811e+02	
 1.2000e+02	 1.9414e+00	 1.0000e-04	 7.0616e+00	 5.8145e+00	 4.5833e+02	
 1.2100e+02	 1.9348e+00	 1.0000e-04	 7.0194e+00	 5.8215e+00	 4.6270e+02	
 1.2200e+02	 1.9180e+00	 1.0000e-04	 6.8835e+00	 5.8429e+00	 4.7462e+02	
 1.2300e+02	 1.9041e+00	 1.0000e-04	 6.7956e+00	 5.8387e+00	 4.7187e+02	
 1.2400e+02	 1.8832e+00	 1.0000e-04	 6.6678e+00	 5.8453e+00	 4.7630e+02	
 1.2500e+02	 1.8711e+00	 1.0000e-04	 6.5624e+00	 5.8615e+00	 4.8511e+02	
 1.2600e+02	 1.8501e+00	 1.0000e-04	 6.4405e+00	 5.8464e+00	 4.7686e+02	
 1.2700e+02	 1.8364e+00	 1.0000e-04	 6.3431e+00	 5.8614e+00	 4.8714e+02	
 1.2800e+02	 1.8035e+00	 1.0000e-04	 6.1335e+00	 5.8533e+00	 4.8173e+02	
 1.2900e+02	 1.7975e+00	 1.0000e-04	 6.1081e+00	 5.8791e+00	 4.9534e+02	
 1.3000e+02	 1.7879e+00	 1.0000e-04	 6.0346e+00	 5.8741e+00	 4.9306e+02	
 1.3100e+02	 1.7562e+00	 1.0000e-04	 5.8522e+00	 5.8847e+00	 4.9928e+02	
 1.3200e+02	 1.7664e+00	 1.0000e-04	 5.9069e+00	 5.8773e+00	 4.9505e+02	
 1.3300e+02	 1.7616e+00	 1.0000e-04	 5.8914e+00	 5.8874e+00	 5.0099e+02	
 1.3400e+02	 1.7180e+00	 1.0000e-04	 5.6332e+00	 5.9030e+00	 5.1189e+02	
 1.3500e+02	 1.7114e+00	 1.0000e-04	 5.5920e+00	 5.9123e+00	 5.1502e+02	
 1.3600e+02	 1.6986e+00	 1.0000e-04	 5.5211e+00	 5.9085e+00	 5.1455e+02	
 1.3700e+02	 1.6837e+00	 1.0000e-04	 5.4445e+00	 5.9220e+00	 5.2147e+02	
 1.3800e+02	 1.6498e+00	 1.0000e-04	 5.2606e+00	 5.9185e+00	 5.1976e+02	
 1.3900e+02	 1.6541e+00	 1.0000e-04	 5.2878e+00	 5.9082e+00	 5.1407e+02	
 1.4000e+02	 1.6345e+00	 1.0000e-04	 5.1816e+00	 5.9455e+00	 5.3739e+02	
 1.4100e+02	 1.6153e+00	 1.0000e-04	 5.0742e+00	 5.9205e+00	 5.1967e+02	
 1.4200e+02	 1.5925e+00	 1.0000e-04	 4.9588e+00	 5.9280e+00	 5.2720e+02	
 1.4300e+02	 1.5838e+00	 1.0000e-04	 4.9107e+00	 5.9323e+00	 5.2981e+02	
 1.4400e+02	 1.5747e+00	 1.0000e-04	 4.8599e+00	 5.9535e+00	 5.4433e+02	
 1.4500e+02	 1.5479e+00	 1.0000e-04	 4.7434e+00	 5.9560e+00	 5.4403e+02	
 1.4600e+02	 1.5472e+00	 1.0000e-04	 4.7396e+00	 5.9624e+00	 5.4863e+02	
 1.4700e+02	 1.5350e+00	 1.0000e-04	 4.6775e+00	 5.9679e+00	 5.5362e+02	
 1.4800e+02	 1.5186e+00	 1.0000e-04	 4.6025e+00	 5.9641e+00	 5.4889e+02	
 1.4900e+02	 1.4789e+00	 1.0000e-04	 4.4237e+00	 5.9797e+00	 5.6167e+02	
 1.5000e+02	 1.4679e+00	 1.0000e-04	 4.3663e+00	 5.9990e+00	 5.7487e+02	
 1.5100e+02	 1.4778e+00	 1.0000e-04	 4.4137e+00	 5.9729e+00	 5.5768e+02	
 1.5200e+02	 1.4665e+00	 1.0000e-04	 4.3750e+00	 6.0022e+00	 5.7690e+02	
 1.5300e+02	 1.4423e+00	 1.0000e-04	 4.2579e+00	 5.9953e+00	 5.7205e+02	
 1.5400e+02	 1.4373e+00	 1.0000e-04	 4.2426e+00	 6.0086e+00	 5.7980e+02	
 1.5500e+02	 1.4375e+00	 1.0000e-04	 4.2329e+00	 6.0212e+00	 5.9092e+02	
 1.5600e+02	 1.4039e+00	 1.0000e-04	 4.0980e+00	 6.0064e+00	 5.8047e+02	
 1.5700e+02	 1.3836e+00	 1.0000e-04	 4.0140e+00	 6.0354e+00	 5.9806e+02	
 1.5800e+02	 1.4061e+00	 1.0000e-04	 4.1037e+00	 6.0240e+00	 5.9308e+02	
 1.5900e+02	 1.3496e+00	 1.0000e-04	 3.8785e+00	 6.0414e+00	 6.0394e+02	
 1.6000e+02	 1.3506e+00	 1.0000e-04	 3.8812e+00	 6.0402e+00	 6.0200e+02	
 1.6100e+02	 1.3414e+00	 1.0000e-04	 3.8471e+00	 6.0457e+00	 6.0750e+02	
 1.6200e+02	 1.3371e+00	 1.0000e-04	 3.8331e+00	 6.0484e+00	 6.1001e+02	
 1.6300e+02	 1.3225e+00	 1.0000e-04	 3.7743e+00	 6.0517e+00	 6.1058e+02	
 1.6400e+02	 1.3168e+00	 1.0000e-04	 3.7494e+00	 6.0580e+00	 6.1673e+02	
 1.6500e+02	 1.2916e+00	 1.0000e-04	 3.6606e+00	 6.0610e+00	 6.1894e+02	
 1.6600e+02	 1.3128e+00	 1.0000e-04	 3.7441e+00	 6.0845e+00	 6.3679e+02	
 1.6700e+02	 1.2677e+00	 1.0000e-04	 3.5716e+00	 6.0824e+00	 6.3303e+02	
 1.6800e+02	 1.2485e+00	 1.0000e-04	 3.5029e+00	 6.0784e+00	 6.2976e+02	
 1.6900e+02	 1.2397e+00	 1.0000e-04	 3.4771e+00	 6.0953e+00	 6.4166e+02	
 1.7000e+02	 1.2305e+00	 1.0000e-04	 3.4402e+00	 6.1020e+00	 6.4776e+02	
 1.7100e+02	 1.2112e+00	 1.0000e-04	 3.3732e+00	 6.1200e+00	 6.6085e+02	
 1.7200e+02	 1.2125e+00	 1.0000e-04	 3.3787e+00	 6.1221e+00	 6.6588e+02	
 1.7300e+02	 1.1756e+00	 1.0000e-04	 3.2533e+00	 6.1227e+00	 6.6461e+02	
 1.7400e+02	 1.1847e+00	 1.0000e-04	 3.2879e+00	 6.1248e+00	 6.6521e+02	
 1.7500e+02	 1.1678e+00	 1.0000e-04	 3.2339e+00	 6.1227e+00	 6.6520e+02	
 1.7600e+02	 1.1659e+00	 1.0000e-04	 3.2234e+00	 6.1562e+00	 6.8790e+02	
 1.7700e+02	 1.1728e+00	 1.0000e-04	 3.2492e+00	 6.1129e+00	 6.5529e+02	
 1.7800e+02	 1.1415e+00	 1.0000e-04	 3.1459e+00	 6.1593e+00	 6.9585e+02	
 1.7900e+02	 1.1057e+00	 1.0000e-04	 3.0340e+00	 6.1476e+00	 6.8490e+02	
 1.8000e+02	 1.1233e+00	 1.0000e-04	 3.0987e+00	 6.1886e+00	 7.2040e+02	
 1.8100e+02	 1.1191e+00	 1.0000e-04	 3.0780e+00	 6.1787e+00	 7.1121e+02	
 1.8200e+02	 1.0961e+00	 1.0000e-04	 3.0041e+00	 6.1865e+00	 7.1929e+02	
 1.8300e+02	 1.1048e+00	 1.0000e-04	 3.0338e+00	 6.1604e+00	 6.9507e+02	
 1.8400e+02	 1.0677e+00	 1.0000e-04	 2.9244e+00	 6.1745e+00	 7.0457e+02	
 1.8500e+02	 1.0862e+00	 1.0000e-04	 2.9766e+00	 6.1988e+00	 7.2730e+02	
 1.8600e+02	 1.0679e+00	 1.0000e-04	 2.9243e+00	 6.1982e+00	 7.2649e+02	
 1.8700e+02	 1.0551e+00	 1.0000e-04	 2.8834e+00	 6.2093e+00	 7.3910e+02	
 1.8800e+02	 1.0570e+00	 1.0000e-04	 2.8909e+00	 6.1935e+00	 7.2447e+02	
 1.8900e+02	 1.0511e+00	 1.0000e-04	 2.8730e+00	 6.1797e+00	 7.1250e+02	
 1.9000e+02	 1.0224e+00	 1.0000e-04	 2.7924e+00	 6.2079e+00	 7.3832e+02	
 1.9100e+02	 1.0313e+00	 1.0000e-04	 2.8177e+00	 6.2277e+00	 7.5738e+02	
 1.9200e+02	 9.9982e-01	 1.0000e-04	 2.7298e+00	 6.2496e+00	 7.7496e+02	
 1.9300e+02	 9.9226e-01	 1.0000e-04	 2.7065e+00	 6.2203e+00	 7.5019e+02	
 1.9400e+02	 9.7985e-01	 1.0000e-04	 2.6731e+00	 6.2373e+00	 7.6450e+02	
 1.9500e+02	 9.8202e-01	 1.0000e-04	 2.6793e+00	 6.2958e+00	 8.1717e+02	
 1.9600e+02	 9.6335e-01	 1.0000e-04	 2.6325e+00	 6.2338e+00	 7.6025e+02	
 1.9700e+02	 9.5582e-01	 1.0000e-04	 2.6129e+00	 6.2491e+00	 7.7315e+02	
 1.9800e+02	 9.4745e-01	 1.0000e-04	 2.5870e+00	 6.2768e+00	 7.9633e+02	
 1.9900e+02	 9.5736e-01	 1.0000e-04	 2.6166e+00	 6.2857e+00	 8.0397e+02	
 2.0000e+02	 9.3723e-01	 1.0000e-04	 2.5646e+00	 6.2751e+00	 7.9418e+02	
